  EBO.cpp
  Main.cpp
C:\Users\14029\Desktop\Programming\c++\openGL\flashingColorsCubes\Main.cpp(204,70): warning C4805: '==': unsafe mix of type 'int' and type 'bool' in operation
C:\Users\14029\Desktop\Programming\c++\openGL\flashingColorsCubes\Main.cpp(220,72): warning C4805: '==': unsafe mix of type 'int' and type 'bool' in operation
  Shader.cpp
  VAO.cpp
C:\Users\14029\Desktop\Programming\c++\openGL\flashingColorsCubes\VAO.cpp(22,63): warning C4244: 'argument': conversion from 'GLsizeiptr' to 'GLsizei', possible loss of data
  VBO.cpp
  Generating Code...
C:\Users\14029\Desktop\Programming\c++\openGL\flashingColorsCubes\Shader.cpp(41): warning C4715: 'getSourceCode': not all control paths return a value
  glad.c
glfw3.lib(context.obj) : warning LNK4099: PDB 'glfw3.pdb' was not found with 'glfw3.lib(context.obj)' or at 'C:\Users\14029\Desktop\Programming\c++\openGL\flashingColorsCubes\x64\Debug\glfw3.pdb'; linking object as if no debug info
glfw3.lib(init.obj) : warning LNK4099: PDB 'glfw3.pdb' was not found with 'glfw3.lib(init.obj)' or at 'C:\Users\14029\Desktop\Programming\c++\openGL\flashingColorsCubes\x64\Debug\glfw3.pdb'; linking object as if no debug info
glfw3.lib(input.obj) : warning LNK4099: PDB 'glfw3.pdb' was not found with 'glfw3.lib(input.obj)' or at 'C:\Users\14029\Desktop\Programming\c++\openGL\flashingColorsCubes\x64\Debug\glfw3.pdb'; linking object as if no debug info
glfw3.lib(monitor.obj) : warning LNK4099: PDB 'glfw3.pdb' was not found with 'glfw3.lib(monitor.obj)' or at 'C:\Users\14029\Desktop\Programming\c++\openGL\flashingColorsCubes\x64\Debug\glfw3.pdb'; linking object as if no debug info
glfw3.lib(vulkan.obj) : warning LNK4099: PDB '' was not found with 'glfw3.lib(vulkan.obj)' or at ''; linking object as if no debug info
glfw3.lib(window.obj) : warning LNK4099: PDB 'glfw3.pdb' was not found with 'glfw3.lib(window.obj)' or at 'C:\Users\14029\Desktop\Programming\c++\openGL\flashingColorsCubes\x64\Debug\glfw3.pdb'; linking object as if no debug info
glfw3.lib(win32_init.obj) : warning LNK4099: PDB 'glfw3.pdb' was not found with 'glfw3.lib(win32_init.obj)' or at 'C:\Users\14029\Desktop\Programming\c++\openGL\flashingColorsCubes\x64\Debug\glfw3.pdb'; linking object as if no debug info
glfw3.lib(win32_joystick.obj) : warning LNK4099: PDB 'glfw3.pdb' was not found with 'glfw3.lib(win32_joystick.obj)' or at 'C:\Users\14029\Desktop\Programming\c++\openGL\flashingColorsCubes\x64\Debug\glfw3.pdb'; linking object as if no debug info
glfw3.lib(win32_monitor.obj) : warning LNK4099: PDB 'glfw3.pdb' was not found with 'glfw3.lib(win32_monitor.obj)' or at 'C:\Users\14029\Desktop\Programming\c++\openGL\flashingColorsCubes\x64\Debug\glfw3.pdb'; linking object as if no debug info
glfw3.lib(win32_time.obj) : warning LNK4099: PDB 'glfw3.pdb' was not found with 'glfw3.lib(win32_time.obj)' or at 'C:\Users\14029\Desktop\Programming\c++\openGL\flashingColorsCubes\x64\Debug\glfw3.pdb'; linking object as if no debug info
glfw3.lib(win32_thread.obj) : warning LNK4099: PDB 'glfw3.pdb' was not found with 'glfw3.lib(win32_thread.obj)' or at 'C:\Users\14029\Desktop\Programming\c++\openGL\flashingColorsCubes\x64\Debug\glfw3.pdb'; linking object as if no debug info
glfw3.lib(win32_window.obj) : warning LNK4099: PDB 'glfw3.pdb' was not found with 'glfw3.lib(win32_window.obj)' or at 'C:\Users\14029\Desktop\Programming\c++\openGL\flashingColorsCubes\x64\Debug\glfw3.pdb'; linking object as if no debug info
glfw3.lib(wgl_context.obj) : warning LNK4099: PDB 'glfw3.pdb' was not found with 'glfw3.lib(wgl_context.obj)' or at 'C:\Users\14029\Desktop\Programming\c++\openGL\flashingColorsCubes\x64\Debug\glfw3.pdb'; linking object as if no debug info
glfw3.lib(egl_context.obj) : warning LNK4099: PDB 'glfw3.pdb' was not found with 'glfw3.lib(egl_context.obj)' or at 'C:\Users\14029\Desktop\Programming\c++\openGL\flashingColorsCubes\x64\Debug\glfw3.pdb'; linking object as if no debug info
glfw3.lib(osmesa_context.obj) : warning LNK4099: PDB 'glfw3.pdb' was not found with 'glfw3.lib(osmesa_context.obj)' or at 'C:\Users\14029\Desktop\Programming\c++\openGL\flashingColorsCubes\x64\Debug\glfw3.pdb'; linking object as if no debug info
  flashingColorsCubes.vcxproj -> C:\Users\14029\Desktop\Programming\c++\openGL\flashingColorsCubes\x64\Debug\flashingColorsCubes.exe
